<?xml version="1.0" encoding="UTF-8"?>
<testng-results ignored="0" total="3" passed="2" failed="1" skipped="0">
  <reporter-output>
  </reporter-output>
  <suite started-at="2022-01-27T02:55:26Z" name="Default suite" finished-at="2022-01-27T02:55:38Z" duration-ms="12000">
    <groups>
    </groups>
    <test started-at="2022-01-27T02:55:26Z" name="Default test" finished-at="2022-01-27T02:55:38Z" duration-ms="12000">
      <class name="com.qa.opencart.tests.LoginPageTest">
        <test-method is-config="true" signature="setup()[pri:0, instance:com.qa.opencart.tests.LoginPageTest@6a2f6f80]" started-at="2022-01-27T02:55:26Z" name="setup" finished-at="2022-01-27T02:55:34Z" duration-ms="8033" status="PASS">
          <reporter-output>
          </reporter-output>
        </test-method> <!-- setup -->
        <test-method signature="verifyLoginPageTitleTest()[pri:1, instance:com.qa.opencart.tests.LoginPageTest@6a2f6f80]" started-at="2022-01-27T02:55:34Z" name="verifyLoginPageTitleTest" finished-at="2022-01-27T02:55:37Z" duration-ms="3065" status="FAIL">
          <exception class="org.openqa.selenium.TimeoutException">
            <message>
              <![CDATA[Expected condition failed: waiting for title to contain "Accout Login". Current title: "Account Login" (tried for 3 second(s) with 500 milliseconds interval)
Build info: version: '3.141.59', revision: 'e82be7d358', time: '2018-11-14T08:17:03'
System info: host: 'DESKTOP-KFPD178', ip: '192.168.1.163', os.name: 'Windows 10', os.arch: 'amd64', os.version: '10.0', java.version: '17.0.1'
Driver info: org.openqa.selenium.firefox.FirefoxDriver
Capabilities {acceptInsecureCerts: true, browserName: firefox, browserVersion: 96.0.1, javascriptEnabled: true, moz:accessibilityChecks: false, moz:buildID: 20220113185450, moz:geckodriverVersion: 0.30.0, moz:headless: false, moz:processID: 16232, moz:profile: C:\Users\19163\AppData\Loca..., moz:shutdownTimeout: 60000, moz:useNonSpecCompliantPointerOrigin: false, moz:webdriverClick: true, pageLoadStrategy: normal, platform: WINDOWS, platformName: WINDOWS, platformVersion: 10.0, proxy: Proxy(), setWindowRect: true, strictFileInteractability: false, timeouts: {implicit: 0, pageLoad: 300000, script: 30000}, unhandledPromptBehavior: dismiss and notify}
Session ID: 0c930d22-4597-4979-8e16-dc8de06018bf]]>
            </message>
            <full-stacktrace>
              <![CDATA[org.openqa.selenium.TimeoutException: Expected condition failed: waiting for title to contain "Accout Login". Current title: "Account Login" (tried for 3 second(s) with 500 milliseconds interval)
Build info: version: '3.141.59', revision: 'e82be7d358', time: '2018-11-14T08:17:03'
System info: host: 'DESKTOP-KFPD178', ip: '192.168.1.163', os.name: 'Windows 10', os.arch: 'amd64', os.version: '10.0', java.version: '17.0.1'
Driver info: org.openqa.selenium.firefox.FirefoxDriver
Capabilities {acceptInsecureCerts: true, browserName: firefox, browserVersion: 96.0.1, javascriptEnabled: true, moz:accessibilityChecks: false, moz:buildID: 20220113185450, moz:geckodriverVersion: 0.30.0, moz:headless: false, moz:processID: 16232, moz:profile: C:\Users\19163\AppData\Loca..., moz:shutdownTimeout: 60000, moz:useNonSpecCompliantPointerOrigin: false, moz:webdriverClick: true, pageLoadStrategy: normal, platform: WINDOWS, platformName: WINDOWS, platformVersion: 10.0, proxy: Proxy(), setWindowRect: true, strictFileInteractability: false, timeouts: {implicit: 0, pageLoad: 300000, script: 30000}, unhandledPromptBehavior: dismiss and notify}
Session ID: 0c930d22-4597-4979-8e16-dc8de06018bf
at org.openqa.selenium.support.ui.WebDriverWait.timeoutException(WebDriverWait.java:95)
at org.openqa.selenium.support.ui.FluentWait.until(FluentWait.java:272)
at com.qa.democart.utils.ElementUtil.waitForTitleToBe(ElementUtil.java:224)
at com.qa.demo.pages.LoginPage.getLoginPageTitle(LoginPage.java:26)
at com.qa.opencart.tests.LoginPageTest.verifyLoginPageTitleTest(LoginPageTest.java:14)
at java.base/jdk.internal.reflect.NativeMethodAccessorImpl.invoke0(Native Method)
at java.base/jdk.internal.reflect.NativeMethodAccessorImpl.invoke(NativeMethodAccessorImpl.java:77)
at java.base/jdk.internal.reflect.DelegatingMethodAccessorImpl.invoke(DelegatingMethodAccessorImpl.java:43)
at java.base/java.lang.reflect.Method.invoke(Method.java:568)
at org.testng.internal.MethodInvocationHelper.invokeMethod(MethodInvocationHelper.java:124)
at org.testng.internal.Invoker.invokeMethod(Invoker.java:583)
at org.testng.internal.Invoker.invokeTestMethod(Invoker.java:719)
at org.testng.internal.Invoker.invokeTestMethods(Invoker.java:989)
at org.testng.internal.TestMethodWorker.invokeTestMethods(TestMethodWorker.java:125)
at org.testng.internal.TestMethodWorker.run(TestMethodWorker.java:109)
at org.testng.TestRunner.privateRun(TestRunner.java:648)
at org.testng.TestRunner.run(TestRunner.java:505)
at org.testng.SuiteRunner.runTest(SuiteRunner.java:455)
at org.testng.SuiteRunner.runSequentially(SuiteRunner.java:450)
at org.testng.SuiteRunner.privateRun(SuiteRunner.java:415)
at org.testng.SuiteRunner.run(SuiteRunner.java:364)
at org.testng.SuiteRunnerWorker.runSuite(SuiteRunnerWorker.java:52)
at org.testng.SuiteRunnerWorker.run(SuiteRunnerWorker.java:84)
at org.testng.TestNG.runSuitesSequentially(TestNG.java:1208)
at org.testng.TestNG.runSuitesLocally(TestNG.java:1137)
at org.testng.TestNG.runSuites(TestNG.java:1049)
at org.testng.TestNG.run(TestNG.java:1017)
at org.testng.remote.AbstractRemoteTestNG.run(AbstractRemoteTestNG.java:115)
at org.testng.remote.RemoteTestNG.initAndRun(RemoteTestNG.java:251)
at org.testng.remote.RemoteTestNG.main(RemoteTestNG.java:77)
]]>
            </full-stacktrace>
          </exception> <!-- org.openqa.selenium.TimeoutException -->
          <reporter-output>
          </reporter-output>
        </test-method> <!-- verifyLoginPageTitleTest -->
        <test-method signature="verifyForgotPWDLinkText()[pri:2, instance:com.qa.opencart.tests.LoginPageTest@6a2f6f80]" started-at="2022-01-27T02:55:37Z" name="verifyForgotPWDLinkText" finished-at="2022-01-27T02:55:37Z" duration-ms="90" status="PASS">
          <reporter-output>
          </reporter-output>
        </test-method> <!-- verifyForgotPWDLinkText -->
        <test-method signature="loginTest()[pri:3, instance:com.qa.opencart.tests.LoginPageTest@6a2f6f80]" started-at="2022-01-27T02:55:37Z" name="loginTest" finished-at="2022-01-27T02:55:38Z" duration-ms="777" status="PASS">
          <reporter-output>
          </reporter-output>
        </test-method> <!-- loginTest -->
      </class> <!-- com.qa.opencart.tests.LoginPageTest -->
    </test> <!-- Default test -->
  </suite> <!-- Default suite -->
</testng-results>
